[0.051s] Invoking command in '/home/mcolledanchise/behavior-stack-example/libs/ros2_bt_nodes/ws/src/build/bt_leaf_nodes_servers': AMENT_PREFIX_PATH=/home/mcolledanchise/behavior-stack-example/libs/ros2_bt_nodes/ws/src/install/bt_leaf_nodes_interfaces:${AMENT_PREFIX_PATH} CMAKE_PREFIX_PATH=/home/mcolledanchise/behavior-stack-example/libs/ros2_bt_nodes/ws/src/install/bt_leaf_nodes_interfaces:/opt/ros/humble LD_LIBRARY_PATH=/home/mcolledanchise/behavior-stack-example/libs/ros2_bt_nodes/ws/src/install/bt_leaf_nodes_interfaces/lib:${LD_LIBRARY_PATH} PYTHONPATH=/home/mcolledanchise/behavior-stack-example/libs/ros2_bt_nodes/ws/src/install/bt_leaf_nodes_interfaces/local/lib/python3.10/dist-packages:${PYTHONPATH} /usr/bin/cmake --build /home/mcolledanchise/behavior-stack-example/libs/ros2_bt_nodes/ws/src/build/bt_leaf_nodes_servers -- -j8 -l8
[0.081s] [35m[1mConsolidate compiler generated dependencies of target BT_node_server[0m
[0.090s] [ 50%] Built target bt_node_server
[0.093s] [ 75%] [32mBuilding CXX object CMakeFiles/BT_node_server.dir/src/bt_action_node_server.cpp.o[0m
[2.345s] [01m[K/home/mcolledanchise/behavior-stack-example/libs/ros2_bt_nodes/ws/src/bt_leaf_nodes_servers/src/bt_action_node_server.cpp:[m[K In member function â€˜[01m[Kvoid BT_leaf_nodes_servers::BTNodeServer::execute(std::shared_ptr<bt_leaf_nodes_interfaces::action::BT>)[m[Kâ€™:
[2.345s] [01m[K/home/mcolledanchise/behavior-stack-example/libs/ros2_bt_nodes/ws/src/bt_leaf_nodes_servers/src/bt_action_node_server.cpp:65:36:[m[K [01;31m[Kerror: [m[Kâ€˜[01m[Kusing element_type = struct bt_leaf_nodes_interfaces::action::BT[m[Kâ€™ {aka â€˜[01m[Kstruct bt_leaf_nodes_interfaces::action::BT[m[Kâ€™} has no member named â€˜[01m[Kget_goal[m[Kâ€™
[2.345s]    65 |     const auto goal = goal_handle->[01;31m[Kget_goal[m[K();
[2.345s]       |                                    [01;31m[K^~~~~~~~[m[K
[2.347s] [01m[K/home/mcolledanchise/behavior-stack-example/libs/ros2_bt_nodes/ws/src/bt_leaf_nodes_servers/src/bt_action_node_server.cpp:67:33:[m[K [01;31m[Kerror: [m[Kâ€˜[01m[Kusing element_type = struct bt_leaf_nodes_interfaces::action::BT_Feedback_<std::allocator<void> >[m[Kâ€™ {aka â€˜[01m[Kstruct bt_leaf_nodes_interfaces::action::BT_Feedback_<std::allocator<void> >[m[Kâ€™} has no member named â€˜[01m[Kpartial_sequence[m[Kâ€™
[2.347s]    67 |     auto & sequence = feedback->[01;31m[Kpartial_sequence[m[K;
[2.347s]       |                                 [01;31m[K^~~~~~~~~~~~~~~~[m[K
[2.349s] [01m[K/home/mcolledanchise/behavior-stack-example/libs/ros2_bt_nodes/ws/src/bt_leaf_nodes_servers/src/bt_action_node_server.cpp:74:24:[m[K [01;31m[Kerror: [m[Kâ€˜[01m[Kusing element_type = struct bt_leaf_nodes_interfaces::action::BT[m[Kâ€™ {aka â€˜[01m[Kstruct bt_leaf_nodes_interfaces::action::BT[m[Kâ€™} has no member named â€˜[01m[Kis_canceling[m[Kâ€™
[2.349s]    74 |       if (goal_handle->[01;31m[Kis_canceling[m[K()) {
[2.349s]       |                        [01;31m[K^~~~~~~~~~~~[m[K
[2.349s] [01m[K/home/mcolledanchise/behavior-stack-example/libs/ros2_bt_nodes/ws/src/bt_leaf_nodes_servers/src/bt_action_node_server.cpp:76:22:[m[K [01;31m[Kerror: [m[Kâ€˜[01m[Kusing element_type = struct bt_leaf_nodes_interfaces::action::BT[m[Kâ€™ {aka â€˜[01m[Kstruct bt_leaf_nodes_interfaces::action::BT[m[Kâ€™} has no member named â€˜[01m[Kcanceled[m[Kâ€™
[2.349s]    76 |         goal_handle->[01;31m[Kcanceled[m[K(result);
[2.349s]       |                      [01;31m[K^~~~~~~~[m[K
[2.349s] [01m[K/home/mcolledanchise/behavior-stack-example/libs/ros2_bt_nodes/ws/src/bt_leaf_nodes_servers/src/bt_action_node_server.cpp:83:20:[m[K [01;31m[Kerror: [m[Kâ€˜[01m[Kusing element_type = struct bt_leaf_nodes_interfaces::action::BT[m[Kâ€™ {aka â€˜[01m[Kstruct bt_leaf_nodes_interfaces::action::BT[m[Kâ€™} has no member named â€˜[01m[Kpublish_feedback[m[Kâ€™
[2.350s]    83 |       goal_handle->[01;31m[Kpublish_feedback[m[K(feedback);
[2.350s]       |                    [01;31m[K^~~~~~~~~~~~~~~~[m[K
[2.350s] [01m[K/home/mcolledanchise/behavior-stack-example/libs/ros2_bt_nodes/ws/src/bt_leaf_nodes_servers/src/bt_action_node_server.cpp:91:15:[m[K [01;31m[Kerror: [m[Kâ€˜[01m[Kusing element_type = struct bt_leaf_nodes_interfaces::action::BT_Result_<std::allocator<void> >[m[Kâ€™ {aka â€˜[01m[Kstruct bt_leaf_nodes_interfaces::action::BT_Result_<std::allocator<void> >[m[Kâ€™} has no member named â€˜[01m[Kfinal_return_status[m[Kâ€™; did you mean â€˜[01m[Kcurrent_return_status[m[Kâ€™?
[2.350s]    91 |       result->[01;31m[Kfinal_return_status[m[K = sequence;
[2.350s]       |               [01;31m[K^~~~~~~~~~~~~~~~~~~[m[K
[2.350s]       |               [32m[Kcurrent_return_status[m[K
[2.350s] [01m[K/home/mcolledanchise/behavior-stack-example/libs/ros2_bt_nodes/ws/src/bt_leaf_nodes_servers/src/bt_action_node_server.cpp:92:20:[m[K [01;31m[Kerror: [m[Kâ€˜[01m[Kusing element_type = struct bt_leaf_nodes_interfaces::action::BT[m[Kâ€™ {aka â€˜[01m[Kstruct bt_leaf_nodes_interfaces::action::BT[m[Kâ€™} has no member named â€˜[01m[Ksucceed[m[Kâ€™
[2.350s]    92 |       goal_handle->[01;31m[Ksucceed[m[K(result);
[2.350s]       |                    [01;31m[K^~~~~~~[m[K
[2.462s] In file included from [01m[K/usr/include/c++/11/thread:43[m[K,
[2.462s]                  from [01m[K/home/mcolledanchise/behavior-stack-example/libs/ros2_bt_nodes/ws/src/bt_leaf_nodes_servers/src/bt_action_node_server.cpp:3[m[K:
[2.463s] /usr/include/c++/11/bits/std_thread.h: In instantiation of â€˜[01m[Kstd::thread::thread(_Callable&&, _Args&& ...) [with _Callable = std::_Bind<void (BT_leaf_nodes_servers::BTNodeServer::*(BT_leaf_nodes_servers::BTNodeServer*, std::_Placeholder<1>))(std::shared_ptr<bt_leaf_nodes_interfaces::action::BT>)>; _Args = {const std::shared_ptr<rclcpp_action::ServerGoalHandle<bt_leaf_nodes_interfaces::action::BT> >&}; <template-parameter-1-3> = void][m[Kâ€™:
[2.463s] [01m[K/home/mcolledanchise/behavior-stack-example/libs/ros2_bt_nodes/ws/src/bt_leaf_nodes_servers/src/bt_action_node_server.cpp:58:73:[m[K   required from here
[2.463s] [01m[K/usr/include/c++/11/bits/std_thread.h:130:72:[m[K [01;31m[Kerror: [m[Kstatic assertion failed: std::thread arguments must be invocable after conversion to rvalues
[2.463s]   130 |                                       typename decay<_Args>::type...>::[01;31m[Kvalue[m[K,
[2.463s]       |                                                                        [01;31m[K^~~~~[m[K
[2.463s] [01m[K/usr/include/c++/11/bits/std_thread.h:130:72:[m[K [01;36m[Knote: [m[Kâ€˜[01m[Kstd::integral_constant<bool, false>::value[m[Kâ€™ evaluates to false
[2.465s] /usr/include/c++/11/bits/std_thread.h: In instantiation of â€˜[01m[Kstruct std::thread::_Invoker<std::tuple<std::_Bind<void (BT_leaf_nodes_servers::BTNodeServer::*(BT_leaf_nodes_servers::BTNodeServer*, std::_Placeholder<1>))(std::shared_ptr<bt_leaf_nodes_interfaces::action::BT>)>, std::shared_ptr<rclcpp_action::ServerGoalHandle<bt_leaf_nodes_interfaces::action::BT> > > >[m[Kâ€™:
[2.465s] [01m[K/usr/include/c++/11/bits/std_thread.h:203:13:[m[K   required from â€˜[01m[Kstruct std::thread::_State_impl<std::thread::_Invoker<std::tuple<std::_Bind<void (BT_leaf_nodes_servers::BTNodeServer::*(BT_leaf_nodes_servers::BTNodeServer*, std::_Placeholder<1>))(std::shared_ptr<bt_leaf_nodes_interfaces::action::BT>)>, std::shared_ptr<rclcpp_action::ServerGoalHandle<bt_leaf_nodes_interfaces::action::BT> > > > >[m[Kâ€™
[2.465s] [01m[K/usr/include/c++/11/bits/std_thread.h:143:29:[m[K   required from â€˜[01m[Kstd::thread::thread(_Callable&&, _Args&& ...) [with _Callable = std::_Bind<void (BT_leaf_nodes_servers::BTNodeServer::*(BT_leaf_nodes_servers::BTNodeServer*, std::_Placeholder<1>))(std::shared_ptr<bt_leaf_nodes_interfaces::action::BT>)>; _Args = {const std::shared_ptr<rclcpp_action::ServerGoalHandle<bt_leaf_nodes_interfaces::action::BT> >&}; <template-parameter-1-3> = void][m[Kâ€™
[2.466s] [01m[K/home/mcolledanchise/behavior-stack-example/libs/ros2_bt_nodes/ws/src/bt_leaf_nodes_servers/src/bt_action_node_server.cpp:58:73:[m[K   required from here
[2.466s] [01m[K/usr/include/c++/11/bits/std_thread.h:252:11:[m[K [01;31m[Kerror: [m[Kno type named â€˜[01m[Ktype[m[Kâ€™ in â€˜[01m[Kstruct std::thread::_Invoker<std::tuple<std::_Bind<void (BT_leaf_nodes_servers::BTNodeServer::*(BT_leaf_nodes_servers::BTNodeServer*, std::_Placeholder<1>))(std::shared_ptr<bt_leaf_nodes_interfaces::action::BT>)>, std::shared_ptr<rclcpp_action::ServerGoalHandle<bt_leaf_nodes_interfaces::action::BT> > > >::__result<std::tuple<std::_Bind<void (BT_leaf_nodes_servers::BTNodeServer::*(BT_leaf_nodes_servers::BTNodeServer*, std::_Placeholder<1>))(std::shared_ptr<bt_leaf_nodes_interfaces::action::BT>)>, std::shared_ptr<rclcpp_action::ServerGoalHandle<bt_leaf_nodes_interfaces::action::BT> > > >[m[Kâ€™
[2.466s]   252 |           [01;31m[K_M_invoke[m[K(_Index_tuple<_Ind...>)
[2.466s]       |           [01;31m[K^~~~~~~~~[m[K
[2.466s] [01m[K/usr/include/c++/11/bits/std_thread.h:256:9:[m[K [01;31m[Kerror: [m[Kno type named â€˜[01m[Ktype[m[Kâ€™ in â€˜[01m[Kstruct std::thread::_Invoker<std::tuple<std::_Bind<void (BT_leaf_nodes_servers::BTNodeServer::*(BT_leaf_nodes_servers::BTNodeServer*, std::_Placeholder<1>))(std::shared_ptr<bt_leaf_nodes_interfaces::action::BT>)>, std::shared_ptr<rclcpp_action::ServerGoalHandle<bt_leaf_nodes_interfaces::action::BT> > > >::__result<std::tuple<std::_Bind<void (BT_leaf_nodes_servers::BTNodeServer::*(BT_leaf_nodes_servers::BTNodeServer*, std::_Placeholder<1>))(std::shared_ptr<bt_leaf_nodes_interfaces::action::BT>)>, std::shared_ptr<rclcpp_action::ServerGoalHandle<bt_leaf_nodes_interfaces::action::BT> > > >[m[Kâ€™
[2.466s]   256 |         [01;31m[Koperator[m[K()()
[2.466s]       |         [01;31m[K^~~~~~~~[m[K
[3.071s] gmake[2]: *** [CMakeFiles/BT_node_server.dir/build.make:76: CMakeFiles/BT_node_server.dir/src/bt_action_node_server.cpp.o] Error 1
[3.071s] gmake[1]: *** [CMakeFiles/Makefile2:139: CMakeFiles/BT_node_server.dir/all] Error 2
[3.071s] gmake: *** [Makefile:146: all] Error 2
[3.073s] Invoked command in '/home/mcolledanchise/behavior-stack-example/libs/ros2_bt_nodes/ws/src/build/bt_leaf_nodes_servers' returned '2': AMENT_PREFIX_PATH=/home/mcolledanchise/behavior-stack-example/libs/ros2_bt_nodes/ws/src/install/bt_leaf_nodes_interfaces:${AMENT_PREFIX_PATH} CMAKE_PREFIX_PATH=/home/mcolledanchise/behavior-stack-example/libs/ros2_bt_nodes/ws/src/install/bt_leaf_nodes_interfaces:/opt/ros/humble LD_LIBRARY_PATH=/home/mcolledanchise/behavior-stack-example/libs/ros2_bt_nodes/ws/src/install/bt_leaf_nodes_interfaces/lib:${LD_LIBRARY_PATH} PYTHONPATH=/home/mcolledanchise/behavior-stack-example/libs/ros2_bt_nodes/ws/src/install/bt_leaf_nodes_interfaces/local/lib/python3.10/dist-packages:${PYTHONPATH} /usr/bin/cmake --build /home/mcolledanchise/behavior-stack-example/libs/ros2_bt_nodes/ws/src/build/bt_leaf_nodes_servers -- -j8 -l8
